mode: atomic
labours-go/cmd/helpers.go:15.59,17.16 2 0
labours-go/cmd/helpers.go:17.16,19.3 1 0
labours-go/cmd/helpers.go:20.2,20.24 1 0
labours-go/cmd/helpers.go:23.50,24.29 1 0
labours-go/cmd/helpers.go:24.29,25.20 1 0
labours-go/cmd/helpers.go:25.20,27.4 1 0
labours-go/cmd/helpers.go:29.2,29.14 1 0
labours-go/cmd/helpers.go:32.62,33.71 1 0
labours-go/cmd/helpers.go:33.71,35.17 2 0
labours-go/cmd/helpers.go:35.17,38.4 2 0
labours-go/cmd/helpers.go:39.3,39.31 1 0
labours-go/cmd/helpers.go:42.2,42.65 1 0
labours-go/cmd/helpers.go:42.65,44.17 2 0
labours-go/cmd/helpers.go:44.17,47.4 2 0
labours-go/cmd/helpers.go:48.3,48.27 1 0
labours-go/cmd/helpers.go:51.2,51.27 1 0
labours-go/cmd/helpers.go:54.55,55.70 1 0
labours-go/cmd/helpers.go:55.70,58.3 2 0
labours-go/cmd/helpers.go:61.67,63.16 2 0
labours-go/cmd/helpers.go:63.16,66.3 2 0
labours-go/cmd/helpers.go:67.2,67.15 1 0
labours-go/cmd/helpers.go:70.30,72.21 2 0
labours-go/cmd/helpers.go:72.21,75.3 2 0
labours-go/cmd/helpers.go:77.2,77.28 1 0
labours-go/cmd/helpers.go:77.28,83.3 1 0
labours-go/cmd/helpers.go:84.2,84.14 1 0
labours-go/cmd/modes.go:31.104,32.29 1 0
labours-go/cmd/modes.go:32.29,34.45 2 0
labours-go/cmd/modes.go:34.45,35.71 1 0
labours-go/cmd/modes.go:35.71,37.5 1 0
labours-go/cmd/modes.go:38.9,40.4 1 0
labours-go/cmd/modes.go:44.97,48.2 3 0
labours-go/cmd/modes.go:50.94,54.2 3 0
labours-go/cmd/modes.go:56.96,60.2 3 0
labours-go/cmd/modes.go:62.98,64.2 1 0
labours-go/cmd/modes.go:66.99,68.2 1 0
labours-go/cmd/modes.go:70.94,74.2 2 0
labours-go/cmd/modes.go:76.95,80.2 2 0
labours-go/cmd/modes.go:82.97,86.2 2 0
labours-go/cmd/modes.go:88.90,92.2 2 0
labours-go/cmd/modes.go:94.86,98.2 2 0
labours-go/cmd/modes.go:100.93,104.2 2 0
labours-go/cmd/modes.go:106.90,110.2 2 0
labours-go/cmd/modes.go:112.91,116.2 2 0
labours-go/cmd/modes.go:118.94,122.2 2 0
labours-go/cmd/modes.go:124.90,128.2 2 0
labours-go/cmd/root.go:17.22,19.2 1 0
labours-go/cmd/root.go:21.13,25.2 3 0
labours-go/cmd/root.go:27.24,45.2 17 0
labours-go/cmd/root.go:47.25,49.2 1 0
labours-go/cmd/root.go:51.19,57.45 5 0
labours-go/cmd/root.go:57.45,59.3 1 0
labours-go/cmd/root.go:59.8,61.3 1 0
labours-go/cmd/root.go:64.59,72.2 6 0
labours-go/internal/pb/pb.pb.go:37.43,42.2 4 0
labours-go/internal/pb/pb.pb.go:44.51,46.2 1 0
labours-go/internal/pb/pb.pb.go:48.49,48.50 0 0
labours-go/internal/pb/pb.pb.go:50.71,52.14 2 0
labours-go/internal/pb/pb.pb.go:52.14,54.34 2 0
labours-go/internal/pb/pb.pb.go:54.34,56.4 1 0
labours-go/internal/pb/pb.pb.go:57.3,57.12 1 0
labours-go/internal/pb/pb.pb.go:59.2,59.24 1 0
labours-go/internal/pb/pb.pb.go:63.62,65.2 1 0
labours-go/internal/pb/pb.pb.go:67.75,68.14 1 0
labours-go/internal/pb/pb.pb.go:68.14,70.3 1 0
labours-go/internal/pb/pb.pb.go:71.2,71.12 1 0
labours-go/internal/pb/pb.pb.go:74.73,75.14 1 0
labours-go/internal/pb/pb.pb.go:75.14,77.3 1 0
labours-go/internal/pb/pb.pb.go:78.2,78.12 1 0
labours-go/internal/pb/pb.pb.go:81.74,82.14 1 0
labours-go/internal/pb/pb.pb.go:82.14,84.3 1 0
labours-go/internal/pb/pb.pb.go:85.2,85.12 1 0
labours-go/internal/pb/pb.pb.go:88.85,89.14 1 0
labours-go/internal/pb/pb.pb.go:89.14,91.3 1 0
labours-go/internal/pb/pb.pb.go:92.2,92.12 1 0
labours-go/internal/pb/pb.pb.go:95.71,96.14 1 0
labours-go/internal/pb/pb.pb.go:96.14,98.3 1 0
labours-go/internal/pb/pb.pb.go:99.2,99.12 1 0
labours-go/internal/pb/pb.pb.go:102.55,103.14 1 0
labours-go/internal/pb/pb.pb.go:103.14,105.3 1 0
labours-go/internal/pb/pb.pb.go:106.2,106.10 1 0
labours-go/internal/pb/pb.pb.go:121.45,126.2 4 0
labours-go/internal/pb/pb.pb.go:128.53,130.2 1 0
labours-go/internal/pb/pb.pb.go:132.51,132.52 0 0
labours-go/internal/pb/pb.pb.go:134.73,136.14 2 0
labours-go/internal/pb/pb.pb.go:136.14,138.34 2 0
labours-go/internal/pb/pb.pb.go:138.34,140.4 1 0
labours-go/internal/pb/pb.pb.go:141.3,141.12 1 0
labours-go/internal/pb/pb.pb.go:143.2,143.24 1 0
labours-go/internal/pb/pb.pb.go:147.64,149.2 1 0
labours-go/internal/pb/pb.pb.go:151.61,152.14 1 0
labours-go/internal/pb/pb.pb.go:152.14,154.3 1 0
labours-go/internal/pb/pb.pb.go:155.2,155.10 1 0
labours-go/internal/pb/pb.pb.go:158.64,159.14 1 0
labours-go/internal/pb/pb.pb.go:159.14,161.3 1 0
labours-go/internal/pb/pb.pb.go:162.2,162.10 1 0
labours-go/internal/pb/pb.pb.go:165.55,166.14 1 0
labours-go/internal/pb/pb.pb.go:166.14,168.3 1 0
labours-go/internal/pb/pb.pb.go:169.2,169.12 1 0
labours-go/internal/pb/pb.pb.go:172.58,173.14 1 0
labours-go/internal/pb/pb.pb.go:173.14,175.3 1 0
labours-go/internal/pb/pb.pb.go:176.2,176.12 1 0
labours-go/internal/pb/pb.pb.go:179.57,180.14 1 0
labours-go/internal/pb/pb.pb.go:180.14,182.3 1 0
labours-go/internal/pb/pb.pb.go:183.2,183.12 1 0
labours-go/internal/pb/pb.pb.go:194.34,199.2 4 0
labours-go/internal/pb/pb.pb.go:201.42,203.2 1 0
labours-go/internal/pb/pb.pb.go:205.40,205.41 0 0
labours-go/internal/pb/pb.pb.go:207.62,209.14 2 0
labours-go/internal/pb/pb.pb.go:209.14,211.34 2 0
labours-go/internal/pb/pb.pb.go:211.34,213.4 1 0
labours-go/internal/pb/pb.pb.go:214.3,214.12 1 0
labours-go/internal/pb/pb.pb.go:216.2,216.24 1 0
labours-go/internal/pb/pb.pb.go:220.53,222.2 1 0
labours-go/internal/pb/pb.pb.go:224.54,225.14 1 0
labours-go/internal/pb/pb.pb.go:225.14,227.3 1 0
labours-go/internal/pb/pb.pb.go:228.2,228.12 1 0
labours-go/internal/pb/pb.pb.go:245.28,250.2 4 0
labours-go/internal/pb/pb.pb.go:252.36,254.2 1 0
labours-go/internal/pb/pb.pb.go:256.34,256.35 0 0
labours-go/internal/pb/pb.pb.go:258.56,260.14 2 0
labours-go/internal/pb/pb.pb.go:260.14,262.34 2 0
labours-go/internal/pb/pb.pb.go:262.34,264.4 1 0
labours-go/internal/pb/pb.pb.go:265.3,265.12 1 0
labours-go/internal/pb/pb.pb.go:267.2,267.24 1 0
labours-go/internal/pb/pb.pb.go:271.47,273.2 1 0
labours-go/internal/pb/pb.pb.go:275.39,276.14 1 0
labours-go/internal/pb/pb.pb.go:276.14,278.3 1 0
labours-go/internal/pb/pb.pb.go:279.2,279.10 1 0
labours-go/internal/pb/pb.pb.go:282.37,283.14 1 0
labours-go/internal/pb/pb.pb.go:283.14,285.3 1 0
labours-go/internal/pb/pb.pb.go:286.2,286.11 1 0
labours-go/internal/pb/pb.pb.go:289.43,290.14 1 0
labours-go/internal/pb/pb.pb.go:290.14,292.3 1 0
labours-go/internal/pb/pb.pb.go:293.2,293.11 1 0
labours-go/internal/pb/pb.pb.go:296.45,297.14 1 0
labours-go/internal/pb/pb.pb.go:297.14,299.3 1 0
labours-go/internal/pb/pb.pb.go:300.2,300.10 1 0
labours-go/internal/pb/pb.pb.go:303.43,304.14 1 0
labours-go/internal/pb/pb.pb.go:304.14,306.3 1 0
labours-go/internal/pb/pb.pb.go:307.2,307.10 1 0
labours-go/internal/pb/pb.pb.go:310.39,311.14 1 0
labours-go/internal/pb/pb.pb.go:311.14,313.3 1 0
labours-go/internal/pb/pb.pb.go:314.2,314.10 1 0
labours-go/internal/pb/pb.pb.go:317.39,318.14 1 0
labours-go/internal/pb/pb.pb.go:318.14,320.3 1 0
labours-go/internal/pb/pb.pb.go:321.2,321.10 1 0
labours-go/internal/pb/pb.pb.go:333.42,338.2 4 0
labours-go/internal/pb/pb.pb.go:340.50,342.2 1 0
labours-go/internal/pb/pb.pb.go:344.48,344.49 0 0
labours-go/internal/pb/pb.pb.go:346.70,348.14 2 0
labours-go/internal/pb/pb.pb.go:348.14,350.34 2 0
labours-go/internal/pb/pb.pb.go:350.34,352.4 1 0
labours-go/internal/pb/pb.pb.go:353.3,353.12 1 0
labours-go/internal/pb/pb.pb.go:355.2,355.24 1 0
labours-go/internal/pb/pb.pb.go:359.61,361.2 1 0
labours-go/internal/pb/pb.pb.go:363.78,364.14 1 0
labours-go/internal/pb/pb.pb.go:364.14,366.3 1 0
labours-go/internal/pb/pb.pb.go:367.2,367.12 1 0
labours-go/internal/pb/pb.pb.go:370.58,371.14 1 0
labours-go/internal/pb/pb.pb.go:371.14,373.3 1 0
labours-go/internal/pb/pb.pb.go:374.2,374.12 1 0
labours-go/internal/pb/pb.pb.go:391.33,396.2 4 0
labours-go/internal/pb/pb.pb.go:398.41,400.2 1 0
labours-go/internal/pb/pb.pb.go:402.39,402.40 0 0
labours-go/internal/pb/pb.pb.go:404.61,406.14 2 0
labours-go/internal/pb/pb.pb.go:406.14,408.34 2 0
labours-go/internal/pb/pb.pb.go:408.34,410.4 1 0
labours-go/internal/pb/pb.pb.go:411.3,411.12 1 0
labours-go/internal/pb/pb.pb.go:413.2,413.24 1 0
labours-go/internal/pb/pb.pb.go:417.52,419.2 1 0
labours-go/internal/pb/pb.pb.go:421.42,422.14 1 0
labours-go/internal/pb/pb.pb.go:422.14,424.3 1 0
labours-go/internal/pb/pb.pb.go:425.2,425.11 1 0
labours-go/internal/pb/pb.pb.go:428.44,429.14 1 0
labours-go/internal/pb/pb.pb.go:429.14,431.3 1 0
labours-go/internal/pb/pb.pb.go:432.2,432.10 1 0
labours-go/internal/pb/pb.pb.go:435.47,436.14 1 0
labours-go/internal/pb/pb.pb.go:436.14,438.3 1 0
labours-go/internal/pb/pb.pb.go:439.2,439.10 1 0
labours-go/internal/pb/pb.pb.go:442.49,443.14 1 0
labours-go/internal/pb/pb.pb.go:443.14,445.3 1 0
labours-go/internal/pb/pb.pb.go:446.2,446.10 1 0
labours-go/internal/pb/pb.pb.go:449.50,450.14 1 0
labours-go/internal/pb/pb.pb.go:450.14,452.3 1 0
labours-go/internal/pb/pb.pb.go:453.2,453.10 1 0
labours-go/internal/pb/pb.pb.go:456.49,457.14 1 0
labours-go/internal/pb/pb.pb.go:457.14,459.3 1 0
labours-go/internal/pb/pb.pb.go:460.2,460.10 1 0
labours-go/internal/pb/pb.pb.go:463.57,464.14 1 0
labours-go/internal/pb/pb.pb.go:464.14,466.3 1 0
labours-go/internal/pb/pb.pb.go:467.2,467.12 1 0
labours-go/internal/pb/pb.pb.go:479.32,484.2 4 0
labours-go/internal/pb/pb.pb.go:486.40,488.2 1 0
labours-go/internal/pb/pb.pb.go:490.38,490.39 0 0
labours-go/internal/pb/pb.pb.go:492.60,494.14 2 0
labours-go/internal/pb/pb.pb.go:494.14,496.34 2 0
labours-go/internal/pb/pb.pb.go:496.34,498.4 1 0
labours-go/internal/pb/pb.pb.go:499.3,499.12 1 0
labours-go/internal/pb/pb.pb.go:501.2,501.24 1 0
labours-go/internal/pb/pb.pb.go:505.51,507.2 1 0
labours-go/internal/pb/pb.pb.go:509.45,510.14 1 0
labours-go/internal/pb/pb.pb.go:510.14,512.3 1 0
labours-go/internal/pb/pb.pb.go:513.2,513.11 1 0
labours-go/internal/pb/pb.pb.go:516.41,517.14 1 0
labours-go/internal/pb/pb.pb.go:517.14,519.3 1 0
labours-go/internal/pb/pb.pb.go:520.2,520.10 1 0
labours-go/internal/pb/pb.pb.go:537.35,542.2 4 0
labours-go/internal/pb/pb.pb.go:544.43,546.2 1 0
labours-go/internal/pb/pb.pb.go:548.41,548.42 0 0
labours-go/internal/pb/pb.pb.go:550.63,552.14 2 0
labours-go/internal/pb/pb.pb.go:552.14,554.34 2 0
labours-go/internal/pb/pb.pb.go:554.34,556.4 1 0
labours-go/internal/pb/pb.pb.go:557.3,557.12 1 0
labours-go/internal/pb/pb.pb.go:559.2,559.24 1 0
labours-go/internal/pb/pb.pb.go:563.54,565.2 1 0
labours-go/internal/pb/pb.pb.go:567.51,568.14 1 0
labours-go/internal/pb/pb.pb.go:568.14,570.3 1 0
labours-go/internal/pb/pb.pb.go:571.2,571.12 1 0
labours-go/internal/pb/pb.pb.go:574.66,575.14 1 0
labours-go/internal/pb/pb.pb.go:575.14,577.3 1 0
labours-go/internal/pb/pb.pb.go:578.2,578.12 1 0
labours-go/internal/pb/pb.pb.go:581.64,582.14 1 0
labours-go/internal/pb/pb.pb.go:582.14,584.3 1 0
labours-go/internal/pb/pb.pb.go:585.2,585.12 1 0
labours-go/internal/pb/pb.pb.go:588.64,589.14 1 0
labours-go/internal/pb/pb.pb.go:589.14,591.3 1 0
labours-go/internal/pb/pb.pb.go:592.2,592.12 1 0
labours-go/internal/pb/pb.pb.go:595.62,596.14 1 0
labours-go/internal/pb/pb.pb.go:596.14,598.3 1 0
labours-go/internal/pb/pb.pb.go:599.2,599.12 1 0
labours-go/internal/pb/pb.pb.go:602.53,603.14 1 0
labours-go/internal/pb/pb.pb.go:603.14,605.3 1 0
labours-go/internal/pb/pb.pb.go:606.2,606.12 1 0
labours-go/internal/pb/pb.pb.go:609.51,610.14 1 0
labours-go/internal/pb/pb.pb.go:610.14,612.3 1 0
labours-go/internal/pb/pb.pb.go:613.2,613.12 1 0
labours-go/internal/pb/pb.pb.go:684.41,685.38 1 0
labours-go/internal/pb/pb.pb.go:685.38,687.3 1 0
labours-go/internal/pb/pb.pb.go:688.2,688.34 1 0
labours-go/internal/pb/pb.pb.go:725.13,725.37 1 0
labours-go/internal/pb/pb.pb.go:726.27,727.26 1 0
labours-go/internal/pb/pb.pb.go:727.26,729.3 1 0
labours-go/internal/pb/pb.pb.go:730.2,746.29 5 0
labours-go/internal/graphics/heatmap.go:20.55,23.20 2 0
labours-go/internal/graphics/heatmap.go:23.20,25.3 1 0
labours-go/internal/graphics/heatmap.go:25.8,25.27 1 0
labours-go/internal/graphics/heatmap.go:25.27,27.3 1 0
labours-go/internal/graphics/heatmap.go:30.2,31.24 2 0
labours-go/internal/graphics/heatmap.go:43.91,50.2 1 0
labours-go/internal/graphics/heatmap.go:53.54,58.37 4 0
labours-go/internal/graphics/heatmap.go:58.37,59.34 1 0
labours-go/internal/graphics/heatmap.go:59.34,84.4 10 0
labours-go/internal/graphics/heatmap.go:89.65,94.2 4 0
labours-go/internal/graphics/stacked-plot.go:16.105,17.45 1 0
labours-go/internal/graphics/stacked-plot.go:17.45,19.3 1 0
labours-go/internal/graphics/stacked-plot.go:22.2,26.14 5 0
labours-go/internal/graphics/stacked-plot.go:26.14,28.3 1 0
labours-go/internal/graphics/stacked-plot.go:31.2,32.20 2 0
labours-go/internal/graphics/stacked-plot.go:32.20,34.3 1 0
labours-go/internal/graphics/stacked-plot.go:36.2,37.33 2 0
labours-go/internal/graphics/stacked-plot.go:37.33,42.3 3 0
labours-go/internal/graphics/stacked-plot.go:45.2,46.33 2 0
labours-go/internal/graphics/stacked-plot.go:46.33,48.3 1 0
labours-go/internal/graphics/stacked-plot.go:51.2,52.28 2 0
labours-go/internal/graphics/stacked-plot.go:52.28,54.56 2 0
labours-go/internal/graphics/stacked-plot.go:54.56,56.13 2 0
labours-go/internal/graphics/stacked-plot.go:56.13,58.5 1 0
labours-go/internal/graphics/stacked-plot.go:63.2,66.38 2 0
labours-go/internal/graphics/stacked-plot.go:66.38,71.34 3 0
labours-go/internal/graphics/stacked-plot.go:71.34,76.13 4 0
labours-go/internal/graphics/stacked-plot.go:76.13,78.5 1 0
labours-go/internal/graphics/stacked-plot.go:78.10,80.5 1 0
labours-go/internal/graphics/stacked-plot.go:82.4,83.69 2 0
labours-go/internal/graphics/stacked-plot.go:87.3,87.108 1 0
labours-go/internal/graphics/stacked-plot.go:87.108,89.4 1 0
labours-go/internal/graphics/stacked-plot.go:93.2,96.25 2 0
labours-go/internal/graphics/stacked-plot.go:96.25,99.3 2 0
labours-go/internal/graphics/stacked-plot.go:102.2,104.54 3 0
labours-go/internal/graphics/stacked-plot.go:104.54,106.3 1 0
labours-go/internal/graphics/stacked-plot.go:108.2,108.12 1 0
labours-go/internal/graphics/stacked-plot.go:112.104,113.29 1 0
labours-go/internal/graphics/stacked-plot.go:113.29,115.3 1 0
labours-go/internal/graphics/stacked-plot.go:118.2,124.24 3 0
labours-go/internal/graphics/stacked-plot.go:124.24,126.3 1 0
labours-go/internal/graphics/stacked-plot.go:129.2,130.16 2 0
labours-go/internal/graphics/stacked-plot.go:130.16,132.3 1 0
labours-go/internal/graphics/stacked-plot.go:135.2,142.16 4 0
labours-go/internal/graphics/stacked-plot.go:142.16,146.3 3 0
labours-go/internal/graphics/stacked-plot.go:148.2,148.12 1 0
labours-go/internal/graphics/stacked-plot.go:152.48,153.12 1 0
labours-go/internal/graphics/stacked-plot.go:153.12,155.3 1 0
labours-go/internal/graphics/stacked-plot.go:158.2,172.25 3 0
labours-go/internal/graphics/stacked-plot.go:172.25,173.26 1 0
labours-go/internal/graphics/stacked-plot.go:173.26,175.4 1 0
labours-go/internal/graphics/stacked-plot.go:175.9,178.4 1 0
labours-go/internal/graphics/stacked-plot.go:181.2,181.15 1 0
labours-go/internal/graphics/stacked-plot.go:185.53,199.9 9 0
labours-go/internal/graphics/stacked-plot.go:200.16,201.20 1 0
labours-go/internal/graphics/stacked-plot.go:202.17,203.20 1 0
labours-go/internal/graphics/stacked-plot.go:204.17,205.20 1 0
labours-go/internal/graphics/stacked-plot.go:206.17,207.20 1 0
labours-go/internal/graphics/stacked-plot.go:208.17,209.20 1 0
labours-go/internal/graphics/stacked-plot.go:210.10,211.20 1 0
labours-go/internal/graphics/stacked-plot.go:214.2,219.3 1 0
labours-go/internal/graphics/stacked-plot.go:228.63,229.25 1 0
labours-go/internal/graphics/stacked-plot.go:229.25,231.3 1 0
labours-go/internal/graphics/stacked-plot.go:233.2,241.9 6 0
labours-go/internal/graphics/stacked-plot.go:242.32,243.23 1 0
labours-go/internal/graphics/stacked-plot.go:244.34,245.28 1 0
labours-go/internal/graphics/stacked-plot.go:246.35,247.32 1 0
labours-go/internal/graphics/stacked-plot.go:248.36,249.33 1 0
labours-go/internal/graphics/stacked-plot.go:250.10,251.34 1 0
labours-go/internal/graphics/stacked-plot.go:255.2,255.88 1 0
labours-go/internal/graphics/stacked-plot.go:255.88,256.55 1 0
labours-go/internal/graphics/stacked-plot.go:256.55,261.4 1 0
labours-go/internal/graphics/stacked-plot.go:264.2,264.19 1 0
labours-go/internal/graphics/stacked-plot.go:268.104,275.2 3 0
labours-go/internal/graphics/stacked-plot.go:278.89,279.32 1 0
labours-go/internal/graphics/stacked-plot.go:279.32,281.3 1 0
labours-go/internal/graphics/stacked-plot.go:283.2,289.27 5 0
labours-go/internal/graphics/stacked-plot.go:289.27,291.3 1 0
labours-go/internal/graphics/stacked-plot.go:294.2,295.16 2 0
labours-go/internal/graphics/stacked-plot.go:295.16,297.3 1 0
labours-go/internal/graphics/stacked-plot.go:299.2,306.62 4 0
labours-go/internal/graphics/stacked-plot.go:306.62,308.3 1 0
labours-go/internal/graphics/stacked-plot.go:310.2,310.12 1 0
labours-go/internal/readers/helpers.go:12.70,15.18 2 0
labours-go/internal/readers/helpers.go:15.18,17.3 1 0
labours-go/internal/readers/helpers.go:17.8,19.17 2 0
labours-go/internal/readers/helpers.go:19.17,21.4 1 0
labours-go/internal/readers/helpers.go:22.3,23.11 2 0
labours-go/internal/readers/helpers.go:27.2,27.22 1 0
labours-go/internal/readers/helpers.go:27.22,30.17 3 0
labours-go/internal/readers/helpers.go:30.17,32.4 1 0
labours-go/internal/readers/helpers.go:36.2,37.16 2 0
labours-go/internal/readers/helpers.go:37.16,39.3 1 0
labours-go/internal/readers/helpers.go:42.2,42.42 1 0
labours-go/internal/readers/helpers.go:42.42,44.3 1 0
labours-go/internal/readers/helpers.go:46.2,46.20 1 0
labours-go/internal/readers/helpers.go:50.62,53.33 3 0
labours-go/internal/readers/helpers.go:53.33,55.3 1 0
labours-go/internal/readers/helpers.go:58.2,60.20 2 0
labours-go/internal/readers/helpers.go:60.20,62.3 1 0
labours-go/internal/readers/helpers.go:63.2,63.24 1 0
labours-go/internal/readers/helpers.go:67.33,69.2 1 0
labours-go/internal/readers/helpers.go:72.50,73.33 1 0
labours-go/internal/readers/helpers.go:74.14,75.28 1 0
labours-go/internal/readers/helpers.go:76.12,77.32 1 0
labours-go/internal/readers/helpers.go:78.10,79.59 1 0
labours-go/internal/readers/pb_reader.go:17.53,19.16 2 7
labours-go/internal/readers/pb_reader.go:19.16,21.3 1 0
labours-go/internal/readers/pb_reader.go:23.2,24.60 2 7
labours-go/internal/readers/pb_reader.go:24.60,26.3 1 1
labours-go/internal/readers/pb_reader.go:28.2,29.12 2 6
labours-go/internal/readers/pb_reader.go:33.43,34.28 1 2
labours-go/internal/readers/pb_reader.go:34.28,36.3 1 2
labours-go/internal/readers/pb_reader.go:37.2,37.11 1 0
labours-go/internal/readers/pb_reader.go:41.53,42.28 1 1
labours-go/internal/readers/pb_reader.go:42.28,44.3 1 1
labours-go/internal/readers/pb_reader.go:45.2,45.13 1 0
labours-go/internal/readers/pb_reader.go:49.65,50.62 1 1
labours-go/internal/readers/pb_reader.go:50.62,52.3 1 0
labours-go/internal/readers/pb_reader.go:54.2,55.28 2 1
labours-go/internal/readers/pb_reader.go:59.69,60.60 1 1
labours-go/internal/readers/pb_reader.go:60.60,62.3 1 0
labours-go/internal/readers/pb_reader.go:64.2,68.44 3 1
labours-go/internal/readers/pb_reader.go:68.44,69.22 1 0
labours-go/internal/readers/pb_reader.go:69.22,74.4 1 0
labours-go/internal/readers/pb_reader.go:76.2,76.27 1 1
labours-go/internal/readers/pb_reader.go:80.72,81.61 1 1
labours-go/internal/readers/pb_reader.go:81.61,83.3 1 0
labours-go/internal/readers/pb_reader.go:85.2,89.48 3 1
labours-go/internal/readers/pb_reader.go:89.48,90.22 1 0
labours-go/internal/readers/pb_reader.go:90.22,95.4 1 0
labours-go/internal/readers/pb_reader.go:97.2,97.29 1 1
labours-go/internal/readers/pb_reader.go:101.87,102.69 1 1
labours-go/internal/readers/pb_reader.go:102.69,104.3 1 0
labours-go/internal/readers/pb_reader.go:106.2,110.73 3 1
labours-go/internal/readers/pb_reader.go:110.73,111.44 1 2
labours-go/internal/readers/pb_reader.go:111.44,113.50 2 0
labours-go/internal/readers/pb_reader.go:113.50,115.5 1 0
labours-go/internal/readers/pb_reader.go:117.4,117.65 1 0
labours-go/internal/readers/pb_reader.go:119.3,119.15 1 2
labours-go/internal/readers/pb_reader.go:122.2,122.39 1 1
labours-go/internal/readers/pb_reader.go:126.76,127.72 1 0
labours-go/internal/readers/pb_reader.go:127.72,129.3 1 0
labours-go/internal/readers/pb_reader.go:131.2,132.40 2 0
labours-go/internal/readers/pb_reader.go:136.75,137.64 1 0
labours-go/internal/readers/pb_reader.go:137.64,139.3 1 0
labours-go/internal/readers/pb_reader.go:141.2,142.46 2 0
labours-go/internal/readers/pb_reader.go:146.77,147.27 1 0
labours-go/internal/readers/pb_reader.go:147.27,149.3 1 0
labours-go/internal/readers/pb_reader.go:153.2,153.43 1 0
labours-go/internal/readers/pb_reader.go:157.79,160.2 1 0
labours-go/internal/readers/pb_reader.go:163.62,166.2 1 0
labours-go/internal/readers/pb_reader.go:169.71,170.37 1 0
labours-go/internal/readers/pb_reader.go:170.37,172.3 1 0
labours-go/internal/readers/pb_reader.go:174.2,175.44 2 0
labours-go/internal/readers/pb_reader.go:175.44,186.42 2 0
labours-go/internal/readers/pb_reader.go:186.42,188.4 1 0
labours-go/internal/readers/pb_reader.go:191.2,191.19 1 0
labours-go/internal/readers/pb_reader.go:195.69,196.36 1 0
labours-go/internal/readers/pb_reader.go:196.36,198.3 1 0
labours-go/internal/readers/pb_reader.go:200.2,201.44 2 0
labours-go/internal/readers/pb_reader.go:201.44,206.3 1 0
labours-go/internal/readers/pb_reader.go:208.2,208.19 1 0
labours-go/internal/readers/pb_reader.go:212.72,213.28 1 0
labours-go/internal/readers/pb_reader.go:213.28,215.3 1 0
labours-go/internal/readers/pb_reader.go:217.2,219.8 1 0
labours-go/internal/readers/pb_reader.go:223.83,224.19 1 3
labours-go/internal/readers/pb_reader.go:224.19,226.3 1 0
labours-go/internal/readers/pb_reader.go:228.2,229.24 2 3
labours-go/internal/readers/pb_reader.go:229.24,231.3 1 5
labours-go/internal/readers/pb_reader.go:234.2,234.50 1 3
labours-go/internal/readers/pb_reader.go:234.50,238.32 3 5
labours-go/internal/readers/pb_reader.go:238.32,242.4 3 15
labours-go/internal/readers/pb_reader.go:245.2,245.15 1 3
labours-go/internal/readers/yaml_reader.go:16.49,18.48 2 0
labours-go/internal/readers/yaml_reader.go:18.48,20.3 1 0
labours-go/internal/readers/yaml_reader.go:21.2,21.12 1 0
labours-go/internal/readers/yaml_reader.go:24.39,26.9 2 0
labours-go/internal/readers/yaml_reader.go:26.9,28.3 1 0
labours-go/internal/readers/yaml_reader.go:29.2,29.44 1 0
labours-go/internal/readers/yaml_reader.go:32.49,34.9 2 0
labours-go/internal/readers/yaml_reader.go:34.9,36.3 1 0
labours-go/internal/readers/yaml_reader.go:37.2,39.19 3 0
labours-go/internal/readers/yaml_reader.go:42.61,44.9 2 0
labours-go/internal/readers/yaml_reader.go:44.9,46.3 1 0
labours-go/internal/readers/yaml_reader.go:47.2,49.21 3 0
labours-go/internal/readers/yaml_reader.go:52.65,54.9 2 0
labours-go/internal/readers/yaml_reader.go:54.9,56.3 1 0
labours-go/internal/readers/yaml_reader.go:57.2,58.9 2 0
labours-go/internal/readers/yaml_reader.go:58.9,60.3 1 0
labours-go/internal/readers/yaml_reader.go:62.2,63.46 2 0
labours-go/internal/readers/yaml_reader.go:63.46,69.3 2 0
labours-go/internal/readers/yaml_reader.go:70.2,70.27 1 0
labours-go/internal/readers/yaml_reader.go:73.68,75.9 2 0
labours-go/internal/readers/yaml_reader.go:75.9,77.3 1 0
labours-go/internal/readers/yaml_reader.go:78.2,79.9 2 0
labours-go/internal/readers/yaml_reader.go:79.9,81.3 1 0
labours-go/internal/readers/yaml_reader.go:83.2,84.45 2 0
labours-go/internal/readers/yaml_reader.go:84.45,90.3 2 0
labours-go/internal/readers/yaml_reader.go:91.2,91.29 1 0
labours-go/internal/readers/yaml_reader.go:94.83,96.9 2 0
labours-go/internal/readers/yaml_reader.go:96.9,98.3 1 0
labours-go/internal/readers/yaml_reader.go:99.2,100.9 2 0
labours-go/internal/readers/yaml_reader.go:100.9,102.3 1 0
labours-go/internal/readers/yaml_reader.go:104.2,105.9 2 0
labours-go/internal/readers/yaml_reader.go:105.9,107.3 1 0
labours-go/internal/readers/yaml_reader.go:109.2,110.45 2 0
labours-go/internal/readers/yaml_reader.go:110.45,113.3 2 0
labours-go/internal/readers/yaml_reader.go:115.2,115.39 1 0
labours-go/internal/readers/yaml_reader.go:118.72,120.9 2 0
labours-go/internal/readers/yaml_reader.go:120.9,122.3 1 0
labours-go/internal/readers/yaml_reader.go:123.2,124.9 2 0
labours-go/internal/readers/yaml_reader.go:124.9,126.3 1 0
labours-go/internal/readers/yaml_reader.go:127.2,128.9 2 0
labours-go/internal/readers/yaml_reader.go:128.9,130.3 1 0
labours-go/internal/readers/yaml_reader.go:132.2,133.36 2 0
labours-go/internal/readers/yaml_reader.go:136.71,138.9 2 0
labours-go/internal/readers/yaml_reader.go:138.9,140.3 1 0
labours-go/internal/readers/yaml_reader.go:141.2,142.9 2 0
labours-go/internal/readers/yaml_reader.go:142.9,144.3 1 0
labours-go/internal/readers/yaml_reader.go:145.2,146.9 2 0
labours-go/internal/readers/yaml_reader.go:146.9,148.3 1 0
labours-go/internal/readers/yaml_reader.go:150.2,151.31 2 0
labours-go/internal/readers/yaml_reader.go:154.73,156.9 2 0
labours-go/internal/readers/yaml_reader.go:156.9,158.3 1 0
labours-go/internal/readers/yaml_reader.go:159.2,160.9 2 0
labours-go/internal/readers/yaml_reader.go:160.9,162.3 1 0
labours-go/internal/readers/yaml_reader.go:163.2,164.9 2 0
labours-go/internal/readers/yaml_reader.go:164.9,166.3 1 0
labours-go/internal/readers/yaml_reader.go:168.2,169.33 2 0
labours-go/internal/readers/yaml_reader.go:172.75,174.9 2 0
labours-go/internal/readers/yaml_reader.go:174.9,176.3 1 0
labours-go/internal/readers/yaml_reader.go:178.2,180.38 3 0
labours-go/internal/readers/yaml_reader.go:180.38,184.61 4 0
labours-go/internal/readers/yaml_reader.go:184.61,186.4 1 0
labours-go/internal/readers/yaml_reader.go:187.3,187.31 1 0
labours-go/internal/readers/yaml_reader.go:189.2,189.27 1 0
labours-go/internal/readers/yaml_reader.go:192.58,194.9 2 0
labours-go/internal/readers/yaml_reader.go:194.9,196.3 1 0
labours-go/internal/readers/yaml_reader.go:198.2,199.38 2 0
labours-go/internal/readers/yaml_reader.go:199.38,201.61 2 0
labours-go/internal/readers/yaml_reader.go:201.61,203.4 1 0
labours-go/internal/readers/yaml_reader.go:204.3,204.29 1 0
labours-go/internal/readers/yaml_reader.go:206.2,206.19 1 0
labours-go/internal/readers/yaml_reader.go:209.67,211.9 2 0
labours-go/internal/readers/yaml_reader.go:211.9,213.3 1 0
labours-go/internal/readers/yaml_reader.go:214.2,215.9 2 0
labours-go/internal/readers/yaml_reader.go:215.9,217.3 1 0
labours-go/internal/readers/yaml_reader.go:218.2,219.9 2 0
labours-go/internal/readers/yaml_reader.go:219.9,221.3 1 0
labours-go/internal/readers/yaml_reader.go:223.2,224.29 2 0
labours-go/internal/readers/yaml_reader.go:224.29,227.10 2 0
labours-go/internal/readers/yaml_reader.go:227.10,229.4 1 0
labours-go/internal/readers/yaml_reader.go:232.3,233.10 2 0
labours-go/internal/readers/yaml_reader.go:233.10,235.4 1 0
labours-go/internal/readers/yaml_reader.go:238.3,238.31 1 0
labours-go/internal/readers/yaml_reader.go:238.31,241.11 2 0
labours-go/internal/readers/yaml_reader.go:241.11,243.5 1 0
labours-go/internal/readers/yaml_reader.go:246.4,252.18 6 0
labours-go/internal/readers/yaml_reader.go:252.18,254.5 1 0
labours-go/internal/readers/yaml_reader.go:257.4,263.6 1 0
labours-go/internal/readers/yaml_reader.go:267.2,267.22 1 0
labours-go/internal/readers/yaml_reader.go:270.65,273.2 1 0
labours-go/internal/readers/yaml_reader.go:275.68,278.2 1 0
labours-go/internal/readers/yaml_reader.go:281.47,284.29 3 0
labours-go/internal/readers/yaml_reader.go:284.29,285.17 1 0
labours-go/internal/readers/yaml_reader.go:285.17,286.12 1 0
labours-go/internal/readers/yaml_reader.go:288.3,290.31 3 0
labours-go/internal/readers/yaml_reader.go:290.31,292.18 2 0
labours-go/internal/readers/yaml_reader.go:292.18,293.13 1 0
labours-go/internal/readers/yaml_reader.go:295.4,295.26 1 0
labours-go/internal/readers/yaml_reader.go:297.3,297.31 1 0
labours-go/internal/readers/yaml_reader.go:299.2,299.15 1 0
labours-go/internal/modes/burndown.go:14.140,18.18 2 7
labours-go/internal/modes/burndown.go:18.18,21.3 2 0
labours-go/internal/modes/burndown.go:23.2,24.60 2 7
labours-go/internal/modes/burndown.go:24.60,26.3 1 0
labours-go/internal/modes/burndown.go:29.2,29.20 1 7
labours-go/internal/modes/burndown.go:29.20,31.3 1 0
labours-go/internal/modes/burndown.go:32.2,35.20 2 7
labours-go/internal/modes/burndown.go:35.20,38.3 2 0
labours-go/internal/modes/burndown.go:41.2,41.22 1 7
labours-go/internal/modes/burndown.go:41.22,43.26 2 0
labours-go/internal/modes/burndown.go:43.26,45.4 1 0
labours-go/internal/modes/burndown.go:45.9,45.31 1 0
labours-go/internal/modes/burndown.go:45.31,47.4 1 0
labours-go/internal/modes/burndown.go:48.3,49.24 2 0
labours-go/internal/modes/burndown.go:53.2,60.14 4 7
labours-go/internal/modes/burndown.go:60.14,62.3 1 1
labours-go/internal/modes/burndown.go:65.2,65.102 1 6
labours-go/internal/modes/burndown.go:65.102,67.3 1 0
labours-go/internal/modes/burndown.go:69.2,70.12 2 6
labours-go/internal/modes/burndown.go:74.75,77.18 2 6
labours-go/internal/modes/burndown.go:78.14,80.56 1 1
labours-go/internal/modes/burndown.go:80.56,82.28 2 1
labours-go/internal/modes/burndown.go:82.28,83.10 1 0
labours-go/internal/modes/burndown.go:85.4,85.56 1 1
labours-go/internal/modes/burndown.go:85.56,87.5 1 1
labours-go/internal/modes/burndown.go:90.20,93.28 2 1
labours-go/internal/modes/burndown.go:93.28,95.4 1 0
labours-go/internal/modes/burndown.go:97.3,97.49 1 1
labours-go/internal/modes/burndown.go:97.49,100.4 2 12
labours-go/internal/modes/burndown.go:102.19,106.40 2 1
labours-go/internal/modes/burndown.go:106.40,108.4 1 0
labours-go/internal/modes/burndown.go:110.3,110.49 1 1
labours-go/internal/modes/burndown.go:110.49,113.4 2 53
labours-go/internal/modes/burndown.go:115.18,117.103 1 3
labours-go/internal/modes/burndown.go:117.103,119.4 1 372
labours-go/internal/modes/burndown.go:121.10,123.103 1 0
labours-go/internal/modes/burndown.go:123.103,125.4 1 0
labours-go/internal/modes/burndown.go:129.2,129.21 1 6
labours-go/internal/modes/burndown.go:129.21,131.3 1 0
labours-go/internal/modes/burndown.go:131.8,131.28 1 6
labours-go/internal/modes/burndown.go:131.28,132.27 1 1
labours-go/internal/modes/burndown.go:132.27,134.4 1 1
labours-go/internal/modes/burndown.go:137.2,137.14 1 6
labours-go/internal/modes/burndown.go:141.122,142.45 1 7
labours-go/internal/modes/burndown.go:142.45,144.3 1 1
labours-go/internal/modes/burndown.go:146.2,155.30 6 6
labours-go/internal/modes/burndown.go:155.30,157.3 1 18
labours-go/internal/modes/burndown.go:159.2,162.41 2 6
labours-go/internal/modes/burndown.go:162.41,166.35 2 18
labours-go/internal/modes/burndown.go:166.35,167.48 1 6
labours-go/internal/modes/burndown.go:167.48,169.5 1 18
labours-go/internal/modes/burndown.go:170.4,170.12 1 6
labours-go/internal/modes/burndown.go:174.3,174.63 1 12
labours-go/internal/modes/burndown.go:174.63,183.35 4 1299
labours-go/internal/modes/burndown.go:183.35,185.13 2 12
labours-go/internal/modes/burndown.go:187.4,187.34 1 1287
labours-go/internal/modes/burndown.go:187.34,189.13 2 0
labours-go/internal/modes/burndown.go:193.4,197.80 4 1287
labours-go/internal/modes/burndown.go:201.2,201.32 1 6
labours-go/internal/modes/burndown.go:205.87,209.27 3 7
labours-go/internal/modes/burndown.go:209.27,211.30 2 439
labours-go/internal/modes/burndown.go:211.30,212.18 1 1317
labours-go/internal/modes/burndown.go:212.18,214.5 1 1317
labours-go/internal/modes/burndown.go:216.3,217.30 2 439
labours-go/internal/modes/burndown.go:220.2,220.17 1 6
labours-go/internal/modes/burndown.go:224.52,226.36 2 6
labours-go/internal/modes/burndown.go:226.36,228.3 1 439
labours-go/internal/modes/burndown.go:232.54,233.38 1 1
labours-go/internal/modes/burndown.go:233.38,235.36 2 3
labours-go/internal/modes/burndown.go:235.36,237.4 1 9
labours-go/internal/modes/burndown.go:238.3,238.15 1 3
labours-go/internal/modes/burndown.go:238.15,239.12 1 0
labours-go/internal/modes/burndown.go:241.3,241.36 1 3
labours-go/internal/modes/burndown.go:241.36,243.4 1 9
labours-go/internal/modes/burndown.go:245.2,245.15 1 1
labours-go/internal/modes/burndown.go:249.92,250.36 1 1
labours-go/internal/modes/burndown.go:250.36,251.34 1 1
labours-go/internal/modes/burndown.go:251.34,252.15 1 1
labours-go/internal/modes/burndown.go:252.15,257.5 3 1
labours-go/internal/modes/burndown.go:260.2,260.24 1 0
labours-go/internal/modes/burndownFile.go:10.126,12.16 2 0
labours-go/internal/modes/burndownFile.go:12.16,14.3 1 0
labours-go/internal/modes/burndownFile.go:17.2,17.37 1 0
labours-go/internal/modes/burndownFile.go:17.37,19.126 2 0
labours-go/internal/modes/burndownFile.go:19.126,21.4 1 0
labours-go/internal/modes/burndownFile.go:24.2,24.12 1 0
labours-go/internal/modes/burndownPerson.go:10.128,12.16 2 0
labours-go/internal/modes/burndownPerson.go:12.16,14.3 1 0
labours-go/internal/modes/burndownPerson.go:17.2,17.41 1 0
labours-go/internal/modes/burndownPerson.go:17.41,19.128 2 0
labours-go/internal/modes/burndownPerson.go:19.128,21.4 1 0
labours-go/internal/modes/burndownPerson.go:24.2,24.12 1 0
labours-go/internal/modes/burndownProject.go:10.129,12.30 2 0
labours-go/internal/modes/burndownProject.go:12.30,14.3 1 0
labours-go/internal/modes/burndownProject.go:17.2,17.103 1 0
labours-go/internal/modes/devs.go:16.70,19.16 2 0
labours-go/internal/modes/devs.go:19.16,21.3 1 0
labours-go/internal/modes/devs.go:23.2,23.37 1 0
labours-go/internal/modes/devs.go:23.37,26.3 2 0
labours-go/internal/modes/devs.go:29.2,35.78 3 0
labours-go/internal/modes/devs.go:35.78,37.3 1 0
labours-go/internal/modes/devs.go:39.2,40.12 2 0
labours-go/internal/modes/devs.go:44.96,45.40 1 0
labours-go/internal/modes/devs.go:45.40,47.3 1 0
labours-go/internal/modes/devs.go:48.2,48.28 1 0
labours-go/internal/modes/devs.go:48.28,50.3 1 0
labours-go/internal/modes/devs.go:51.2,51.14 1 0
labours-go/internal/modes/devs.go:55.77,57.29 2 0
labours-go/internal/modes/devs.go:57.29,62.36 3 0
labours-go/internal/modes/devs.go:62.36,65.4 1 0
labours-go/internal/modes/devs.go:66.3,66.32 1 0
labours-go/internal/modes/devs.go:68.2,68.18 1 0
labours-go/internal/modes/devs.go:72.71,76.29 3 0
labours-go/internal/modes/devs.go:76.29,79.3 2 0
labours-go/internal/modes/devs.go:80.2,80.17 1 0
labours-go/internal/modes/devs.go:84.133,92.37 5 0
labours-go/internal/modes/devs.go:92.37,95.30 3 0
labours-go/internal/modes/devs.go:95.30,98.4 2 0
labours-go/internal/modes/devs.go:100.3,101.17 2 0
labours-go/internal/modes/devs.go:101.17,103.4 1 0
labours-go/internal/modes/devs.go:105.3,107.31 3 0
labours-go/internal/modes/devs.go:111.2,112.66 2 0
labours-go/internal/modes/devs.go:112.66,114.3 1 0
labours-go/internal/modes/devs.go:116.2,117.12 2 0
labours-go/internal/modes/overwrites.go:16.67,19.16 2 0
labours-go/internal/modes/overwrites.go:19.16,21.3 1 0
labours-go/internal/modes/overwrites.go:23.2,30.40 4 0
labours-go/internal/modes/overwrites.go:30.40,32.3 1 0
labours-go/internal/modes/overwrites.go:35.2,35.79 1 0
labours-go/internal/modes/overwrites.go:35.79,37.3 1 0
labours-go/internal/modes/overwrites.go:39.2,40.12 2 0
labours-go/internal/modes/overwrites.go:43.118,45.29 1 0
labours-go/internal/modes/overwrites.go:45.29,50.3 4 0
labours-go/internal/modes/overwrites.go:53.2,54.15 2 0
labours-go/internal/modes/overwrites.go:54.15,56.25 2 0
labours-go/internal/modes/overwrites.go:56.25,59.29 3 0
labours-go/internal/modes/overwrites.go:59.29,60.17 1 0
labours-go/internal/modes/overwrites.go:60.17,62.6 1 0
labours-go/internal/modes/overwrites.go:65.8,68.25 2 0
labours-go/internal/modes/overwrites.go:68.25,70.29 2 0
labours-go/internal/modes/overwrites.go:70.29,72.5 1 0
labours-go/internal/modes/overwrites.go:77.2,77.34 1 0
labours-go/internal/modes/overwrites.go:77.34,78.38 1 0
labours-go/internal/modes/overwrites.go:78.38,80.4 1 0
labours-go/internal/modes/overwrites.go:84.2,84.30 1 0
labours-go/internal/modes/overwrites.go:84.30,85.21 1 0
labours-go/internal/modes/overwrites.go:85.21,87.4 1 0
labours-go/internal/modes/overwrites.go:90.2,90.33 1 0
labours-go/internal/modes/overwrites.go:93.85,117.63 11 0
labours-go/internal/modes/overwrites.go:117.63,119.3 1 0
labours-go/internal/modes/overwrites.go:120.2,120.12 1 0
labours-go/internal/modes/overwrites.go:123.81,135.16 3 0
labours-go/internal/modes/overwrites.go:135.16,137.3 1 0
labours-go/internal/modes/overwrites.go:138.2,142.29 4 0
labours-go/internal/modes/overwrites.go:145.60,147.30 2 0
labours-go/internal/modes/overwrites.go:147.30,148.25 1 0
labours-go/internal/modes/overwrites.go:148.25,149.12 1 0
labours-go/internal/modes/overwrites.go:151.3,152.31 2 0
labours-go/internal/modes/overwrites.go:152.31,153.30 1 0
labours-go/internal/modes/overwrites.go:153.30,155.5 1 0
labours-go/internal/modes/overwrites.go:158.2,158.18 1 0
labours-go/internal/modes/overwrites.go:161.62,163.30 2 0
labours-go/internal/modes/overwrites.go:163.30,165.3 1 0
labours-go/internal/modes/overwrites.go:166.2,166.18 1 0
labours-go/internal/modes/overwrites.go:169.28,171.26 2 0
labours-go/internal/modes/overwrites.go:171.26,173.3 1 0
labours-go/internal/modes/overwrites.go:174.2,174.12 1 0
labours-go/internal/modes/overwrites.go:177.36,179.29 2 0
labours-go/internal/modes/overwrites.go:179.29,181.3 1 0
labours-go/internal/modes/overwrites.go:183.2,184.25 2 0
labours-go/internal/modes/overwrites.go:184.25,186.3 1 0
labours-go/internal/modes/overwrites.go:188.2,188.42 1 0
labours-go/internal/modes/overwrites.go:188.42,190.3 1 0
labours-go/internal/modes/overwrites.go:192.2,192.16 1 0
labours-go/internal/modes/ownership.go:19.68,21.18 1 0
labours-go/internal/modes/ownership.go:21.18,24.3 2 0
labours-go/internal/modes/ownership.go:26.2,27.60 2 0
labours-go/internal/modes/ownership.go:27.60,29.3 1 0
labours-go/internal/modes/ownership.go:32.2,33.16 2 0
labours-go/internal/modes/ownership.go:33.16,35.3 1 0
labours-go/internal/modes/ownership.go:38.2,49.37 7 0
labours-go/internal/modes/ownership.go:49.37,51.3 1 0
labours-go/internal/modes/ownership.go:54.2,54.96 1 0
labours-go/internal/modes/ownership.go:54.96,56.3 1 0
labours-go/internal/modes/ownership.go:58.2,59.12 2 0
labours-go/internal/modes/ownership.go:66.40,69.32 2 0
labours-go/internal/modes/ownership.go:69.32,72.28 3 0
labours-go/internal/modes/ownership.go:72.28,73.28 1 0
labours-go/internal/modes/ownership.go:73.28,75.5 1 0
labours-go/internal/modes/ownership.go:77.3,77.20 1 0
labours-go/internal/modes/ownership.go:81.2,82.38 2 0
labours-go/internal/modes/ownership.go:82.38,84.3 1 0
labours-go/internal/modes/ownership.go:87.2,87.29 1 0
labours-go/internal/modes/ownership.go:87.29,89.30 2 0
labours-go/internal/modes/ownership.go:89.30,90.28 1 0
labours-go/internal/modes/ownership.go:90.28,92.5 1 0
labours-go/internal/modes/ownership.go:95.3,101.30 5 0
labours-go/internal/modes/ownership.go:101.30,102.36 1 0
labours-go/internal/modes/ownership.go:102.36,104.5 1 0
labours-go/internal/modes/ownership.go:108.3,110.30 3 0
labours-go/internal/modes/ownership.go:110.30,113.4 2 0
labours-go/internal/modes/ownership.go:114.3,118.28 4 0
labours-go/internal/modes/ownership.go:122.2,122.17 1 0
labours-go/internal/modes/ownership.go:122.17,124.30 2 0
labours-go/internal/modes/ownership.go:124.30,126.4 1 0
labours-go/internal/modes/ownership.go:127.3,129.47 3 0
labours-go/internal/modes/ownership.go:130.8,132.30 2 0
labours-go/internal/modes/ownership.go:132.30,133.28 1 0
labours-go/internal/modes/ownership.go:133.28,135.5 1 0
labours-go/internal/modes/ownership.go:137.3,139.47 3 0
labours-go/internal/modes/ownership.go:142.2,142.36 1 0
labours-go/internal/modes/ownership.go:145.128,154.29 6 0
labours-go/internal/modes/ownership.go:154.29,156.27 2 0
labours-go/internal/modes/ownership.go:156.27,159.4 2 0
labours-go/internal/modes/ownership.go:160.3,160.24 1 0
labours-go/internal/modes/ownership.go:164.2,164.35 1 0
labours-go/internal/modes/ownership.go:164.35,166.17 2 0
labours-go/internal/modes/ownership.go:166.17,168.4 1 0
labours-go/internal/modes/ownership.go:169.3,171.31 3 0
labours-go/internal/modes/ownership.go:175.2,175.62 1 0
labours-go/internal/modes/ownership.go:175.62,177.3 1 0
labours-go/internal/modes/ownership.go:179.2,179.12 1 0
labours-go/internal/modes/ownership.go:182.134,198.16 3 0
labours-go/internal/modes/ownership.go:198.16,200.3 1 0
labours-go/internal/modes/ownership.go:201.2,205.45 4 0
labours-go/internal/modes/ownership.go:205.45,207.3 1 0
labours-go/internal/modes/ownership.go:209.2,210.12 2 0
labours-go/internal/modes/ownership.go:213.46,215.25 2 0
labours-go/internal/modes/ownership.go:215.25,217.3 1 0
labours-go/internal/modes/ownership.go:218.2,218.42 1 0
labours-go/internal/modes/ownership.go:218.42,220.3 1 0
labours-go/internal/modes/ownership.go:221.2,221.16 1 0
labours-go/internal/modes/ownership.go:224.41,226.25 2 0
labours-go/internal/modes/ownership.go:226.25,228.3 1 0
labours-go/internal/modes/ownership.go:229.2,229.42 1 0
labours-go/internal/modes/ownership.go:229.42,231.3 1 0
labours-go/internal/modes/ownership.go:232.2,232.16 1 0
labours-go/internal/modes/ownership.go:235.42,236.26 1 0
labours-go/internal/modes/ownership.go:236.26,237.14 1 0
labours-go/internal/modes/ownership.go:237.14,239.4 1 0
labours-go/internal/modes/ownership.go:241.2,241.20 1 0
labours-go/internal/modes/ownership.go:244.59,246.30 2 0
labours-go/internal/modes/ownership.go:246.30,248.3 1 0
labours-go/internal/modes/ownership.go:249.2,249.18 1 0
labours-go/internal/modes/ownership.go:252.60,254.30 2 0
labours-go/internal/modes/ownership.go:254.30,256.3 1 0
labours-go/internal/modes/ownership.go:257.2,257.18 1 0
